<?xml version="1.0" encoding="UTF-8"?>
<testng-results skipped="5" failed="1" ignored="0" total="9" passed="3">
  <reporter-output>
  </reporter-output>
  <suite name="Google Mail Test Applictaion Suite" duration-ms="174158" started-at="2018-10-28T09:37:05Z" finished-at="2018-10-28T09:39:59Z">
    <groups>
    </groups>
    <test name="Google Mail Test" duration-ms="174158" started-at="2018-10-28T09:37:05Z" finished-at="2018-10-28T09:39:59Z">
      <class name="com.qa.google.TestCases.TC01VerifyGMailFeatures">
        <test-method status="PASS" signature="setUp()[pri:0, instance:com.qa.google.TestCases.TC01VerifyGMailFeatures@2d554825]" name="setUp" is-config="true" duration-ms="13823" started-at="2018-10-28T09:36:51Z" finished-at="2018-10-28T09:37:05Z">
          <reporter-output>
          </reporter-output>
        </test-method> <!-- setUp -->
        <test-method status="PASS" signature="VerifyStarMailsTest()[pri:0, instance:com.qa.google.TestCases.TC01VerifyGMailFeatures@2d554825]" name="VerifyStarMailsTest" duration-ms="79048" started-at="2018-10-28T09:37:05Z" finished-at="2018-10-28T09:38:24Z">
          <reporter-output>
          </reporter-output>
        </test-method> <!-- VerifyStarMailsTest -->
        <test-method status="PASS" signature="VerifyReadUnreadMailsTest()[pri:0, instance:com.qa.google.TestCases.TC01VerifyGMailFeatures@2d554825]" name="VerifyReadUnreadMailsTest" duration-ms="80274" started-at="2018-10-28T09:38:24Z" depends-on-methods="com.qa.google.TestCases.TC01VerifyGMailFeatures.VerifyStarMailsTest" finished-at="2018-10-28T09:39:45Z">
          <reporter-output>
          </reporter-output>
        </test-method> <!-- VerifyReadUnreadMailsTest -->
        <test-method status="PASS" signature="VerifyComposeMailTest()[pri:0, instance:com.qa.google.TestCases.TC01VerifyGMailFeatures@2d554825]" name="VerifyComposeMailTest" duration-ms="1413" started-at="2018-10-28T09:39:45Z" depends-on-methods="com.qa.google.TestCases.TC01VerifyGMailFeatures.VerifyReadUnreadMailsTest" finished-at="2018-10-28T09:39:46Z">
          <reporter-output>
          </reporter-output>
        </test-method> <!-- VerifyComposeMailTest -->
        <test-method status="FAIL" signature="VerifySendMailFunctionalityTest()[pri:0, instance:com.qa.google.TestCases.TC01VerifyGMailFeatures@2d554825]" name="VerifySendMailFunctionalityTest" duration-ms="12626" started-at="2018-10-28T09:39:46Z" depends-on-methods="com.qa.google.TestCases.TC01VerifyGMailFeatures.VerifyComposeMailTest" finished-at="2018-10-28T09:39:59Z">
          <exception class="org.openqa.selenium.ElementNotVisibleException">
            <message>
              <![CDATA[element not visible
  (Session info: chrome=69.0.3497.100)
  (Driver info: chromedriver=2.40.565498 (ea082db3280dd6843ebfb08a625e3eb905c4f5ab),platform=Windows NT 10.0.17134 x86_64) (WARNING: The server did not provide any stacktrace information)
Command duration or timeout: 0 milliseconds
Build info: version: '3.14.0', revision: 'aacccce0', time: '2018-08-02T20:19:58.91Z'
System info: host: 'LAPTOP-0SVGNG8S', ip: '192.168.0.106', os.name: 'Windows 10', os.arch: 'amd64', os.version: '10.0', java.version: '1.8.0_171'
Driver info: org.openqa.selenium.chrome.ChromeDriver
Capabilities {acceptInsecureCerts: false, acceptSslCerts: false, applicationCacheEnabled: false, browserConnectionEnabled: false, browserName: chrome, chrome: {chromedriverVersion: 2.40.565498 (ea082db3280dd6..., userDataDir: C:\Users\lenovo\AppData\Loc...}, cssSelectorsEnabled: true, databaseEnabled: false, handlesAlerts: true, hasTouchScreen: false, javascriptEnabled: true, locationContextEnabled: true, mobileEmulationEnabled: false, nativeEvents: true, networkConnectionEnabled: false, pageLoadStrategy: normal, platform: XP, platformName: XP, rotatable: false, setWindowRect: true, takesHeapSnapshot: true, takesScreenshot: true, unexpectedAlertBehaviour: , unhandledPromptBehavior: , version: 69.0.3497.100, webStorageEnabled: true}
Session ID: 183b482fea122841a853fb5432647c2b]]>
            </message>
            <full-stacktrace>
              <![CDATA[org.openqa.selenium.ElementNotVisibleException: element not visible
  (Session info: chrome=69.0.3497.100)
  (Driver info: chromedriver=2.40.565498 (ea082db3280dd6843ebfb08a625e3eb905c4f5ab),platform=Windows NT 10.0.17134 x86_64) (WARNING: The server did not provide any stacktrace information)
Command duration or timeout: 0 milliseconds
Build info: version: '3.14.0', revision: 'aacccce0', time: '2018-08-02T20:19:58.91Z'
System info: host: 'LAPTOP-0SVGNG8S', ip: '192.168.0.106', os.name: 'Windows 10', os.arch: 'amd64', os.version: '10.0', java.version: '1.8.0_171'
Driver info: org.openqa.selenium.chrome.ChromeDriver
Capabilities {acceptInsecureCerts: false, acceptSslCerts: false, applicationCacheEnabled: false, browserConnectionEnabled: false, browserName: chrome, chrome: {chromedriverVersion: 2.40.565498 (ea082db3280dd6..., userDataDir: C:\Users\lenovo\AppData\Loc...}, cssSelectorsEnabled: true, databaseEnabled: false, handlesAlerts: true, hasTouchScreen: false, javascriptEnabled: true, locationContextEnabled: true, mobileEmulationEnabled: false, nativeEvents: true, networkConnectionEnabled: false, pageLoadStrategy: normal, platform: XP, platformName: XP, rotatable: false, setWindowRect: true, takesHeapSnapshot: true, takesScreenshot: true, unexpectedAlertBehaviour: , unhandledPromptBehavior: , version: 69.0.3497.100, webStorageEnabled: true}
Session ID: 183b482fea122841a853fb5432647c2b
at sun.reflect.NativeConstructorAccessorImpl.newInstance0(Native Method)
at sun.reflect.NativeConstructorAccessorImpl.newInstance(NativeConstructorAccessorImpl.java:62)
at sun.reflect.DelegatingConstructorAccessorImpl.newInstance(DelegatingConstructorAccessorImpl.java:45)
at java.lang.reflect.Constructor.newInstance(Constructor.java:423)
at org.openqa.selenium.remote.ErrorHandler.createThrowable(ErrorHandler.java:214)
at org.openqa.selenium.remote.ErrorHandler.throwIfResponseFailed(ErrorHandler.java:166)
at org.openqa.selenium.remote.http.JsonHttpResponseCodec.reconstructValue(JsonHttpResponseCodec.java:40)
at org.openqa.selenium.remote.http.AbstractHttpResponseCodec.decode(AbstractHttpResponseCodec.java:80)
at org.openqa.selenium.remote.http.AbstractHttpResponseCodec.decode(AbstractHttpResponseCodec.java:44)
at org.openqa.selenium.remote.HttpCommandExecutor.execute(HttpCommandExecutor.java:158)
at org.openqa.selenium.remote.service.DriverCommandExecutor.execute(DriverCommandExecutor.java:83)
at org.openqa.selenium.remote.RemoteWebDriver.execute(RemoteWebDriver.java:548)
at org.openqa.selenium.remote.RemoteWebElement.execute(RemoteWebElement.java:276)
at org.openqa.selenium.remote.RemoteWebElement.click(RemoteWebElement.java:83)
at com.qa.google.TestPages.VerifySendMailFunctionality.sendMail(VerifySendMailFunctionality.java:63)
at com.qa.google.TestCases.TC01VerifyGMailFeatures.VerifySendMailFunctionalityTest(TC01VerifyGMailFeatures.java:79)
at sun.reflect.NativeMethodAccessorImpl.invoke0(Native Method)
at sun.reflect.NativeMethodAccessorImpl.invoke(NativeMethodAccessorImpl.java:62)
at sun.reflect.DelegatingMethodAccessorImpl.invoke(DelegatingMethodAccessorImpl.java:43)
at java.lang.reflect.Method.invoke(Method.java:498)
at org.testng.internal.MethodInvocationHelper.invokeMethod(MethodInvocationHelper.java:124)
at org.testng.internal.Invoker.invokeMethod(Invoker.java:583)
at org.testng.internal.Invoker.invokeTestMethod(Invoker.java:719)
at org.testng.internal.Invoker.invokeTestMethods(Invoker.java:989)
at org.testng.internal.TestMethodWorker.invokeTestMethods(TestMethodWorker.java:125)
at org.testng.internal.TestMethodWorker.run(TestMethodWorker.java:109)
at org.testng.TestRunner.privateRun(TestRunner.java:648)
at org.testng.TestRunner.run(TestRunner.java:505)
at org.testng.SuiteRunner.runTest(SuiteRunner.java:455)
at org.testng.SuiteRunner.runSequentially(SuiteRunner.java:450)
at org.testng.SuiteRunner.privateRun(SuiteRunner.java:415)
at org.testng.SuiteRunner.run(SuiteRunner.java:364)
at org.testng.SuiteRunnerWorker.runSuite(SuiteRunnerWorker.java:52)
at org.testng.SuiteRunnerWorker.run(SuiteRunnerWorker.java:84)
at org.testng.TestNG.runSuitesSequentially(TestNG.java:1208)
at org.testng.TestNG.runSuitesLocally(TestNG.java:1137)
at org.testng.TestNG.runSuites(TestNG.java:1049)
at org.testng.TestNG.run(TestNG.java:1017)
at org.apache.maven.surefire.testng.TestNGExecutor.run(TestNGExecutor.java:295)
at org.apache.maven.surefire.testng.TestNGXmlTestSuite.execute(TestNGXmlTestSuite.java:84)
at org.apache.maven.surefire.testng.TestNGProvider.invoke(TestNGProvider.java:90)
at org.apache.maven.surefire.booter.ForkedBooter.invokeProviderInSameClassLoader(ForkedBooter.java:203)
at org.apache.maven.surefire.booter.ForkedBooter.runSuitesInProcess(ForkedBooter.java:155)
at org.apache.maven.surefire.booter.ForkedBooter.main(ForkedBooter.java:103)
]]>
            </full-stacktrace>
          </exception> <!-- org.openqa.selenium.ElementNotVisibleException -->
          <reporter-output>
          </reporter-output>
        </test-method> <!-- VerifySendMailFunctionalityTest -->
        <test-method status="SKIP" signature="VerifySearchedResultTest()[pri:0, instance:com.qa.google.TestCases.TC01VerifyGMailFeatures@2d554825]" name="VerifySearchedResultTest" duration-ms="0" started-at="2018-10-28T09:39:59Z" depends-on-methods="com.qa.google.TestCases.TC01VerifyGMailFeatures.VerifySendMailFunctionalityTest" finished-at="2018-10-28T09:39:59Z">
          <exception class="java.lang.Throwable">
            <message>
              <![CDATA[Method TC01VerifyGMailFeatures.VerifySearchedResultTest()[pri:0, instance:com.qa.google.TestCases.TC01VerifyGMailFeatures@2d554825] depends on not successfully finished methods]]>
            </message>
            <full-stacktrace>
              <![CDATA[java.lang.Throwable: Method TC01VerifyGMailFeatures.VerifySearchedResultTest()[pri:0, instance:com.qa.google.TestCases.TC01VerifyGMailFeatures@2d554825] depends on not successfully finished methods
at org.testng.internal.Invoker.invokeTestMethods(Invoker.java:888)
at org.testng.internal.TestMethodWorker.invokeTestMethods(TestMethodWorker.java:125)
at org.testng.internal.TestMethodWorker.run(TestMethodWorker.java:109)
at org.testng.TestRunner.privateRun(TestRunner.java:648)
at org.testng.TestRunner.run(TestRunner.java:505)
at org.testng.SuiteRunner.runTest(SuiteRunner.java:455)
at org.testng.SuiteRunner.runSequentially(SuiteRunner.java:450)
at org.testng.SuiteRunner.privateRun(SuiteRunner.java:415)
at org.testng.SuiteRunner.run(SuiteRunner.java:364)
at org.testng.SuiteRunnerWorker.runSuite(SuiteRunnerWorker.java:52)
at org.testng.SuiteRunnerWorker.run(SuiteRunnerWorker.java:84)
at org.testng.TestNG.runSuitesSequentially(TestNG.java:1208)
at org.testng.TestNG.runSuitesLocally(TestNG.java:1137)
at org.testng.TestNG.runSuites(TestNG.java:1049)
at org.testng.TestNG.run(TestNG.java:1017)
at org.apache.maven.surefire.testng.TestNGExecutor.run(TestNGExecutor.java:295)
at org.apache.maven.surefire.testng.TestNGXmlTestSuite.execute(TestNGXmlTestSuite.java:84)
at org.apache.maven.surefire.testng.TestNGProvider.invoke(TestNGProvider.java:90)
at org.apache.maven.surefire.booter.ForkedBooter.invokeProviderInSameClassLoader(ForkedBooter.java:203)
at org.apache.maven.surefire.booter.ForkedBooter.runSuitesInProcess(ForkedBooter.java:155)
at org.apache.maven.surefire.booter.ForkedBooter.main(ForkedBooter.java:103)
]]>
            </full-stacktrace>
          </exception> <!-- java.lang.Throwable -->
          <reporter-output>
          </reporter-output>
        </test-method> <!-- VerifySearchedResultTest -->
        <test-method status="SKIP" signature="VefiryMailsWithAttachmentTest()[pri:0, instance:com.qa.google.TestCases.TC01VerifyGMailFeatures@2d554825]" name="VefiryMailsWithAttachmentTest" duration-ms="0" started-at="2018-10-28T09:39:59Z" depends-on-methods="com.qa.google.TestCases.TC01VerifyGMailFeatures.VerifySearchedResultTest" finished-at="2018-10-28T09:39:59Z">
          <exception class="java.lang.Throwable">
            <message>
              <![CDATA[Method TC01VerifyGMailFeatures.VefiryMailsWithAttachmentTest()[pri:0, instance:com.qa.google.TestCases.TC01VerifyGMailFeatures@2d554825] depends on not successfully finished methods]]>
            </message>
            <full-stacktrace>
              <![CDATA[java.lang.Throwable: Method TC01VerifyGMailFeatures.VefiryMailsWithAttachmentTest()[pri:0, instance:com.qa.google.TestCases.TC01VerifyGMailFeatures@2d554825] depends on not successfully finished methods
at org.testng.internal.Invoker.invokeTestMethods(Invoker.java:888)
at org.testng.internal.TestMethodWorker.invokeTestMethods(TestMethodWorker.java:125)
at org.testng.internal.TestMethodWorker.run(TestMethodWorker.java:109)
at org.testng.TestRunner.privateRun(TestRunner.java:648)
at org.testng.TestRunner.run(TestRunner.java:505)
at org.testng.SuiteRunner.runTest(SuiteRunner.java:455)
at org.testng.SuiteRunner.runSequentially(SuiteRunner.java:450)
at org.testng.SuiteRunner.privateRun(SuiteRunner.java:415)
at org.testng.SuiteRunner.run(SuiteRunner.java:364)
at org.testng.SuiteRunnerWorker.runSuite(SuiteRunnerWorker.java:52)
at org.testng.SuiteRunnerWorker.run(SuiteRunnerWorker.java:84)
at org.testng.TestNG.runSuitesSequentially(TestNG.java:1208)
at org.testng.TestNG.runSuitesLocally(TestNG.java:1137)
at org.testng.TestNG.runSuites(TestNG.java:1049)
at org.testng.TestNG.run(TestNG.java:1017)
at org.apache.maven.surefire.testng.TestNGExecutor.run(TestNGExecutor.java:295)
at org.apache.maven.surefire.testng.TestNGXmlTestSuite.execute(TestNGXmlTestSuite.java:84)
at org.apache.maven.surefire.testng.TestNGProvider.invoke(TestNGProvider.java:90)
at org.apache.maven.surefire.booter.ForkedBooter.invokeProviderInSameClassLoader(ForkedBooter.java:203)
at org.apache.maven.surefire.booter.ForkedBooter.runSuitesInProcess(ForkedBooter.java:155)
at org.apache.maven.surefire.booter.ForkedBooter.main(ForkedBooter.java:103)
]]>
            </full-stacktrace>
          </exception> <!-- java.lang.Throwable -->
          <reporter-output>
          </reporter-output>
        </test-method> <!-- VefiryMailsWithAttachmentTest -->
        <test-method status="SKIP" signature="VerifySettingPageTest()[pri:0, instance:com.qa.google.TestCases.TC01VerifyGMailFeatures@2d554825]" name="VerifySettingPageTest" duration-ms="0" started-at="2018-10-28T09:39:59Z" depends-on-methods="com.qa.google.TestCases.TC01VerifyGMailFeatures.VefiryMailsWithAttachmentTest" finished-at="2018-10-28T09:39:59Z">
          <exception class="java.lang.Throwable">
            <message>
              <![CDATA[Method TC01VerifyGMailFeatures.VerifySettingPageTest()[pri:0, instance:com.qa.google.TestCases.TC01VerifyGMailFeatures@2d554825] depends on not successfully finished methods]]>
            </message>
            <full-stacktrace>
              <![CDATA[java.lang.Throwable: Method TC01VerifyGMailFeatures.VerifySettingPageTest()[pri:0, instance:com.qa.google.TestCases.TC01VerifyGMailFeatures@2d554825] depends on not successfully finished methods
at org.testng.internal.Invoker.invokeTestMethods(Invoker.java:888)
at org.testng.internal.TestMethodWorker.invokeTestMethods(TestMethodWorker.java:125)
at org.testng.internal.TestMethodWorker.run(TestMethodWorker.java:109)
at org.testng.TestRunner.privateRun(TestRunner.java:648)
at org.testng.TestRunner.run(TestRunner.java:505)
at org.testng.SuiteRunner.runTest(SuiteRunner.java:455)
at org.testng.SuiteRunner.runSequentially(SuiteRunner.java:450)
at org.testng.SuiteRunner.privateRun(SuiteRunner.java:415)
at org.testng.SuiteRunner.run(SuiteRunner.java:364)
at org.testng.SuiteRunnerWorker.runSuite(SuiteRunnerWorker.java:52)
at org.testng.SuiteRunnerWorker.run(SuiteRunnerWorker.java:84)
at org.testng.TestNG.runSuitesSequentially(TestNG.java:1208)
at org.testng.TestNG.runSuitesLocally(TestNG.java:1137)
at org.testng.TestNG.runSuites(TestNG.java:1049)
at org.testng.TestNG.run(TestNG.java:1017)
at org.apache.maven.surefire.testng.TestNGExecutor.run(TestNGExecutor.java:295)
at org.apache.maven.surefire.testng.TestNGXmlTestSuite.execute(TestNGXmlTestSuite.java:84)
at org.apache.maven.surefire.testng.TestNGProvider.invoke(TestNGProvider.java:90)
at org.apache.maven.surefire.booter.ForkedBooter.invokeProviderInSameClassLoader(ForkedBooter.java:203)
at org.apache.maven.surefire.booter.ForkedBooter.runSuitesInProcess(ForkedBooter.java:155)
at org.apache.maven.surefire.booter.ForkedBooter.main(ForkedBooter.java:103)
]]>
            </full-stacktrace>
          </exception> <!-- java.lang.Throwable -->
          <reporter-output>
          </reporter-output>
        </test-method> <!-- VerifySettingPageTest -->
        <test-method status="SKIP" signature="VerifyNewLabelCreatedTest()[pri:0, instance:com.qa.google.TestCases.TC01VerifyGMailFeatures@2d554825]" name="VerifyNewLabelCreatedTest" duration-ms="0" started-at="2018-10-28T09:39:59Z" depends-on-methods="com.qa.google.TestCases.TC01VerifyGMailFeatures.VerifySettingPageTest" finished-at="2018-10-28T09:39:59Z">
          <exception class="java.lang.Throwable">
            <message>
              <![CDATA[Method TC01VerifyGMailFeatures.VerifyNewLabelCreatedTest()[pri:0, instance:com.qa.google.TestCases.TC01VerifyGMailFeatures@2d554825] depends on not successfully finished methods]]>
            </message>
            <full-stacktrace>
              <![CDATA[java.lang.Throwable: Method TC01VerifyGMailFeatures.VerifyNewLabelCreatedTest()[pri:0, instance:com.qa.google.TestCases.TC01VerifyGMailFeatures@2d554825] depends on not successfully finished methods
at org.testng.internal.Invoker.invokeTestMethods(Invoker.java:888)
at org.testng.internal.TestMethodWorker.invokeTestMethods(TestMethodWorker.java:125)
at org.testng.internal.TestMethodWorker.run(TestMethodWorker.java:109)
at org.testng.TestRunner.privateRun(TestRunner.java:648)
at org.testng.TestRunner.run(TestRunner.java:505)
at org.testng.SuiteRunner.runTest(SuiteRunner.java:455)
at org.testng.SuiteRunner.runSequentially(SuiteRunner.java:450)
at org.testng.SuiteRunner.privateRun(SuiteRunner.java:415)
at org.testng.SuiteRunner.run(SuiteRunner.java:364)
at org.testng.SuiteRunnerWorker.runSuite(SuiteRunnerWorker.java:52)
at org.testng.SuiteRunnerWorker.run(SuiteRunnerWorker.java:84)
at org.testng.TestNG.runSuitesSequentially(TestNG.java:1208)
at org.testng.TestNG.runSuitesLocally(TestNG.java:1137)
at org.testng.TestNG.runSuites(TestNG.java:1049)
at org.testng.TestNG.run(TestNG.java:1017)
at org.apache.maven.surefire.testng.TestNGExecutor.run(TestNGExecutor.java:295)
at org.apache.maven.surefire.testng.TestNGXmlTestSuite.execute(TestNGXmlTestSuite.java:84)
at org.apache.maven.surefire.testng.TestNGProvider.invoke(TestNGProvider.java:90)
at org.apache.maven.surefire.booter.ForkedBooter.invokeProviderInSameClassLoader(ForkedBooter.java:203)
at org.apache.maven.surefire.booter.ForkedBooter.runSuitesInProcess(ForkedBooter.java:155)
at org.apache.maven.surefire.booter.ForkedBooter.main(ForkedBooter.java:103)
]]>
            </full-stacktrace>
          </exception> <!-- java.lang.Throwable -->
          <reporter-output>
          </reporter-output>
        </test-method> <!-- VerifyNewLabelCreatedTest -->
        <test-method status="SKIP" signature="VerifyMailMoveToLabelTest()[pri:0, instance:com.qa.google.TestCases.TC01VerifyGMailFeatures@2d554825]" name="VerifyMailMoveToLabelTest" duration-ms="0" started-at="2018-10-28T09:39:59Z" depends-on-methods="com.qa.google.TestCases.TC01VerifyGMailFeatures.VerifyNewLabelCreatedTest" finished-at="2018-10-28T09:39:59Z">
          <exception class="java.lang.Throwable">
            <message>
              <![CDATA[Method TC01VerifyGMailFeatures.VerifyMailMoveToLabelTest()[pri:0, instance:com.qa.google.TestCases.TC01VerifyGMailFeatures@2d554825] depends on not successfully finished methods]]>
            </message>
            <full-stacktrace>
              <![CDATA[java.lang.Throwable: Method TC01VerifyGMailFeatures.VerifyMailMoveToLabelTest()[pri:0, instance:com.qa.google.TestCases.TC01VerifyGMailFeatures@2d554825] depends on not successfully finished methods
at org.testng.internal.Invoker.invokeTestMethods(Invoker.java:888)
at org.testng.internal.TestMethodWorker.invokeTestMethods(TestMethodWorker.java:125)
at org.testng.internal.TestMethodWorker.run(TestMethodWorker.java:109)
at org.testng.TestRunner.privateRun(TestRunner.java:648)
at org.testng.TestRunner.run(TestRunner.java:505)
at org.testng.SuiteRunner.runTest(SuiteRunner.java:455)
at org.testng.SuiteRunner.runSequentially(SuiteRunner.java:450)
at org.testng.SuiteRunner.privateRun(SuiteRunner.java:415)
at org.testng.SuiteRunner.run(SuiteRunner.java:364)
at org.testng.SuiteRunnerWorker.runSuite(SuiteRunnerWorker.java:52)
at org.testng.SuiteRunnerWorker.run(SuiteRunnerWorker.java:84)
at org.testng.TestNG.runSuitesSequentially(TestNG.java:1208)
at org.testng.TestNG.runSuitesLocally(TestNG.java:1137)
at org.testng.TestNG.runSuites(TestNG.java:1049)
at org.testng.TestNG.run(TestNG.java:1017)
at org.apache.maven.surefire.testng.TestNGExecutor.run(TestNGExecutor.java:295)
at org.apache.maven.surefire.testng.TestNGXmlTestSuite.execute(TestNGXmlTestSuite.java:84)
at org.apache.maven.surefire.testng.TestNGProvider.invoke(TestNGProvider.java:90)
at org.apache.maven.surefire.booter.ForkedBooter.invokeProviderInSameClassLoader(ForkedBooter.java:203)
at org.apache.maven.surefire.booter.ForkedBooter.runSuitesInProcess(ForkedBooter.java:155)
at org.apache.maven.surefire.booter.ForkedBooter.main(ForkedBooter.java:103)
]]>
            </full-stacktrace>
          </exception> <!-- java.lang.Throwable -->
          <reporter-output>
          </reporter-output>
        </test-method> <!-- VerifyMailMoveToLabelTest -->
        <test-method status="PASS" signature="close()[pri:0, instance:com.qa.google.TestCases.TC01VerifyGMailFeatures@2d554825]" name="close" is-config="true" duration-ms="363" started-at="2018-10-28T09:40:00Z" finished-at="2018-10-28T09:40:00Z">
          <reporter-output>
          </reporter-output>
        </test-method> <!-- close -->
      </class> <!-- com.qa.google.TestCases.TC01VerifyGMailFeatures -->
    </test> <!-- Google Mail Test -->
  </suite> <!-- Google Mail Test Applictaion Suite -->
</testng-results>
