<?xml version="1.0" encoding="UTF-8"?>
<!-- Generated by org.testng.reporters.JUnitXMLReporter -->
<testsuite hostname="LAPTOP-0SVGNG8S" ignored="0" name="Google Mail Test" tests="9" failures="0" timestamp="28 Oct 2018 10:32:43 GMT" time="277.529" errors="0">
  <testcase name="VerifyStarMailsTest" time="86.634" classname="com.qa.google.TestCases.TC01VerifyGMailFeatures"/>
  <testcase name="VerifyReadUnreadMailsTest" time="80.345" classname="com.qa.google.TestCases.TC01VerifyGMailFeatures"/>
  <testcase name="VerifyComposeMailTest" time="1.517" classname="com.qa.google.TestCases.TC01VerifyGMailFeatures"/>
  <testcase name="VerifySendMailFunctionalityTest" time="12.869" classname="com.qa.google.TestCases.TC01VerifyGMailFeatures"/>
  <testcase name="VerifySearchedResultTest" time="24.55" classname="com.qa.google.TestCases.TC01VerifyGMailFeatures"/>
  <testcase name="VefiryMailsWithAttachmentTest" time="39.011" classname="com.qa.google.TestCases.TC01VerifyGMailFeatures"/>
  <testcase name="VerifySettingPageTest" time="8.099" classname="com.qa.google.TestCases.TC01VerifyGMailFeatures"/>
  <testcase name="VerifyNewLabelCreatedTest" time="13.664" classname="com.qa.google.TestCases.TC01VerifyGMailFeatures"/>
  <testcase name="VerifyMailMoveToLabelTest" time="10.555" classname="com.qa.google.TestCases.TC01VerifyGMailFeatures"/>
</testsuite> <!-- Google Mail Test -->
